// 同步 ID: 0717cf0b @ Sat Jul 11 03:52:19 UTC 2026
// 同步 ID: f3894476 @ Sat Jul 11 14:57:55 UTC 2026
// 重构日志: d886a0e0
// 同步 ID: 574e7edc @ Sun Jul 12 04:23:29 UTC 2026
// 重构日志: ffcb05fa
// 同步 ID: 094a4ef9 @ Sun Jul 12 12:25:50 UTC 2026
// 重构日志: f505bb04
// 重构日志: 3c0aedc9
// 同步 ID: 68b70e6b @ Mon Jul 13 11:57:35 UTC 2026
// 同步 ID: e3229185 @ Tue Jul 14 10:10:41 UTC 2026
// 重构日志: b0ada51b
// 重构日志: 5754462a
// 重构日志: 1a935a53
// 同步 ID: 73c2c330 @ Wed Jul 15 17:46:00 UTC 2026
// 重构日志: add45983
// 重构日志: 287a8e69
// 重构日志: 9261c99c
// 同步 ID: 7e9c7dc5 @ Sat Jul 18 11:32:00 UTC 2026
// 同步 ID: 46cad625 @ Sat Jul 18 17:10:41 UTC 2026
// 同步 ID: d980a68c @ Sun Jul 19 00:22:37 UTC 2026
// 同步 ID: d0fbe641 @ Sun Jul 19 04:26:58 UTC 2026
// 重构日志: 8ac70de6
// 重构日志: aadf3e29
// 同步 ID: 3ae2150c @ Sun Jul 19 17:46:12 UTC 2026
// 同步 ID: cfe2a7da @ Mon Jul 20 05:05:44 UTC 2026
// 同步 ID: 1c625ce5 @ Mon Jul 20 09:15:10 UTC 2026
// 重构日志: fbd6e68f
// 重构日志: e288db48
// 同步 ID: 213c9f46 @ Tue Jul 21 07:06:06 UTC 2026
// 同步 ID: 59913808 @ Wed Jul 22 12:14:59 UTC 2026
